2939146784800418933
-1868944999765101952
1739218399419928789
-829220934405979185
-3382219441578778248
-206665752728670490
-5412747337615132749
1282357593162848251
181867254632151340
735082365400807109
-58616735553867770
3102280913716001410
6820911645254706581
2525042114392812298
2370440572271249096
-2406845209041095416
2822748293145471805
424808926125353345
2293089466780821775
-968121134797210899
-6012546404494314513
-4477031999110550932
178746901300633895
413526513403850546
828637672921067610
66474401896884435
-513327037414178039
-4637396997630376190
-6462407780016739275
-891709851780096995
2247661443775665890
24722025221237791
-4796129029263964771
845997915238233637
1670638661881496650
146848480586698037
1706592145760590311
-6511215422074203383
-1455442778632720166
4265674010663222020
-767530090072960289
889715662705270728
5777886349067860586
1052766969481699551
-130745522374630386
-1764069510203389210
-59919795663037843
418047107313658645
-1008281273094132201
229309718872921992
-3723384062094686657
-79201608097210131
7102899779259168365
6023874284505889865
-194452261131477873
-503372551473341595
-1548072231692776469
-1358618298727526527
554421851901803417
1565007837418653567
-3737634859325361032
851396856118240411
2261741153602887043
2394305186889387483
5206007250404577712
-5370885942299253029
-3432327258563393691
377422929889052114
-1721929401508095437
-1854698400889017998
-1188584784900383
-2498340415722149902
8554016246049457636
46259505375791672
-2494492263014668852
594733598557101948
-4931098683569352986
318160820565163294
-5435479423193137217
307249043607273227
-1091937751798621079
171054834633061440
-2610837459938633941
3678779685102846791
476422436076032393
-3958564793040295174
-128836114628447631
1928617626493533708
7050553832794416323
781722963338375165
-156611006942447471
1074440817865492614
-5432362860367210470
-674169181027113102
-241011118129265947
-2717010565161470670
-2272937377821424125
-2866776568612499008
5332486661785574238
-2739128876960410105
-1369728814900930763
18375770196982628
3588843565666795854
1702023831781329856
4014511512267917753
473737674877084741
1277590763009542300
444700083731251585
1949834749846247057
-1171802028350917687
8164367664508958662
-3055896193684962301
865200107709771237
-258882257308559
-2739709683400617289
38958735676034079
-63645885005205872
1235168876785519929
-709452565234168097
1818768928710906118
-2015113834650114973
1511693086771168200
-2216181657525174024
-1028383655598327587
-1717400028193818795
-4224873555779724521
1796094194834990901
3615171249224281756
-8382618365944937021
-3912553068811804145
-41925521666823579
-2637551567883527737
2958752678845591817
149312184187586582
-3578826223424528783
-663757368150015552
-1385344056105098699
-1800231361509192475
-1570232275099635667
5417363585108914155
7997020642330514782
-1493892862342105285
7089356337998712024
3370702777010061790
1759542938891473090
4299958484044507206
-7106381769475235250
-3860116248368179641
3208996542587536103
8587757707990629192
3652356786823893758
-2248692960857442324
-2114549854447606748
-476834706642544215
2892942454948523471
-6273848107265141251
2356718251545618131
-890296059911266918
-466322396256267618
161558371386490916
698228798262088439
3458602030606071856
-3722250962724660376
2371810186306025934
-3526227432829609104
392048435994034651
-1681724814009631987
850023219400939791
1124921208434095618
-192403059951319845
-4487256418796846826
-2429360971460445982
-3978669502916797562
6494364680998813107
597396220195421062
1517608495338069579
-6295997366039262488
611439038075207517
-1251406329038952083
653187568680438586
-3411743571182175349
1889385183095744561
6289306902119395476
6388319251802549232
6792100253163946913
-6454860542422438808
-1620496589279599372
-2446495268414229485
-992682758776226682
2213124902052285963
-463858108462242140
129074199728739742
-4766173614597210303
-1267331793020982625
2840948904199670994
-6582166509253525285
-1777458458483138558
-6486230655891373822
2955946915174532936
-4434552321358596870
141574626687573294
5209299131239295782
3631907936597233968
-7169384002293035408
-220077673919274600
-4264094141154235672
1895787150656117261
-421846299103553268
4478972584188174070
-691447212832252849
62826461100536165
-4161673511888764798
2726832106373395371
1135447365768304687
6588759120528218980
711510636971777382
-2585647085040995162
-5415036598446711419
-4680757618100919966
-3457806197543178009
-2512990256358941717
719272310955638527
-1576776995850203602
990408681218473835
-1298604996357299935
900589605753362802
-627399096046235691
-948046549097434334
3644131612923797553
954186944085053730
-3468529278975120741
-7603833045826407523
-579595878725715450
79973155990469536
-758242626361872027
-401855917500709694
7244948656405814689
4599580578253743807
-4340354818550701833
-256151016181183413
-1730324666907079202
370973711139038827
2899891365574944176
-2963120900434036867
4546597269518737997
-888967236105746667
6481591443303588135
-7008550811951696030
-1091410320759889774
-248923151820698985
-3304745347045892223
1463401675475723646
-648140182874299111
1178560314284658976
-516482041749078390
738320470806938388
1241741741662205738
1043043137738309186
527451275303233973
754310328848390037
-1358154465586786641
-1994820077840325973
-341442183277924345
-2562143309652999176
-1783268884298684788
-1696986505751054226
141303865067885623
2644370814627175807
1215556801258017559
-122698577938496611
4024083104008671509
3476162414596012435
5474160063428325657
6200126049977470258
3976634935414888638
-1152531490350306887
-2044387580391669852
4167835354218356051
5282690966104633956
-2651302031136902167
-198176490322129022
-6624483483986634784
6967716089217466605
226035268294223678
1406232625238493198
-4731991106820062607
1062905160352375852
-5609234168647095164
150710315421605015
2639817483125197259
3725837021336725766
-3167790064339724725
5319259020293836400
-1412723037161102755
2668606916506382464
-50080411473389175
-1821614165429461819
1104567467854988171
2639431930928739019
-3071730669179685433
2054464402571005887
2463753641811247244
3181665683732287162
338203688535556218
105757151264008205
3550778657561203125
1176466892763628402
-596445396391039448
-2484613571678611612
4564564215842628608
471241885972563897
1959283662993054231
-1029247448882700068
-3308270701270106566
-674412129719054773
-1209921924708658938
-1361377937979783833
-892347630871327543
1564808267601368876
-1657118035562388483
-56966874534661874
-833431686102454102
-6635820693238534251
-2052681254985228475
-2447351010185554282
-7359011621249630
1828805287333381102
-1300712147871214649
-221460332795815614
-2550930738434498739
1471564276311616974
-2319829444638466556
1163982984030584210
-3240711298376192452
6882368458748797757
-2518328691102625287
6520057266889398088
-2768862080199829486
6242873109563112552
411704120340535256
-1315604976416760575
-873707580608481256
-336584304811934493
-6079692071492986300
-4972352648697315138
-2571479328507067486
1553848475513492169
2674133085614505541
-7488049414339319614
-5699907153594211585
-11778631880827455
-1662662520472950033
4673818687650558236
593020091281745877
1160062859007094756
371517825542643714
-1938687043680345267
-65185367140219162
-3184345503103495287
726520271599056816
-1325694954580591455
-1268869674229800780
717527353066822321
-1904832755466747476
2171595039278072685
124373274798864470
-455230362996407811
-2194558349390041639
-2886014355295299849
235626161595505495
-2258416257305692637
7405335495008245792
309529673421849049
869262265734366966
-2944470500018280104
8902349853932065139
2317888202905222991
3972185158558968369
-1166206090321621391
-291279571848281147
-1469175485090773996
-48176426964013375
-1294702579424749571
-82671637276245608
3016565829501075241
-1483804825861728037
-3991278086534096290
3124193270910167960
545703705202777497
-56502247178026400
-72468470801227886
-1256246485684355597
-2156379302974541097
-4743904903043414912
2299139408836981794
-1444316701405410333
-5431471267024328952
-1597150077434784444
-33209067
-3780480919257349953
-4068324638500794351
914903178427582643
1527205101689590160
-3567827599511695498
2583223223298750807
557575547532907688
-2656688407836775456
-8273622085399177441
-4012799895782750698
-992748428164830449
-1160932103939248328
-357836428920056997
-141868952681703805
415563307726595119
2881071416478621971
-3350390351667104885
2163390456638544837
7390841225489953117
-1697665109706690142
-1522298784249516670
3686816943931607542
-923292565021338664
6419267822796405195
-416550878351403815
-1052009091852246509
2655420891011971537
-1716712850909092386
1717627924509923029
1371957391309935387
-514746803869326581
47915618711912066
575932477914749361
-13550822733502858
3242396331792928601
-7478337205979655945
2635024099775221192
-776604620308551235
6772636342871335965
8331938390200126497
2811597721233565673
349589983211234130
-5788532201983700156
-7723339374010625488
-373085126798222222
-3251125633069172225
-107092176347334628
-3759119702539961907
-2728862919273974303
-99722305479432774
2726041149762906143
580028888454560850
-4058037883314746569
-318701817763092307
-6033666760863804492
-2524731877879600485
-117328603729012538
-1358442052246007244
115554691935745906
-165984374626819086
6158037152459614598
7212646951207805618
-565829057047871496
-709534684983618308
690146191088516659
-2112288500226325437
96759350929865952
718807615205730420
-7906611172301683012
-670618445540685564
-1891044888057380520
523530286753060238
191499392832404188
-374992877124862073
3916222559438759970
-1337553731078079658
-1403568811727222148
116711875916030782
1678957971853273708
-1624913715296981065
695196095545062744
-445081602220656325
-497288620999553450
6406697907058413810
3800647506308432465
282882885548275346
-1733795242179591843
3455119255397073809
2139071093303548448
132723541763770924
4047065124465161050
1528331971023341424
2952960106788943031
1626143464217923088
-1622284134298311301
-3251160311498538501
-3419206463927360789
6894557825291341075
140882552462830281
-2820661571637933766
-2871992324398901439
